0 info it worked if it ends with ok
1 verbose cli [ '/Users/aw/.nvm/versions/node/v5.11.1/bin/node',
1 verbose cli   '/Users/aw/.nvm/versions/node/v5.11.1/bin/npm',
1 verbose cli   'publish',
1 verbose cli   '.',
1 verbose cli   '--tag',
1 verbose cli   '2.0.0-rc1' ]
2 info using npm@3.8.6
3 info using node@v5.11.1
4 verbose publish [ '.' ]
5 verbose stack Error: Tag name must not be a valid SemVer range: 2.0.0-rc1
5 verbose stack     at EventEmitter.publish (/Users/aw/.nvm/versions/node/v5.11.1/lib/node_modules/npm/lib/publish.js:40:14)
5 verbose stack     at Object.commandCache.(anonymous function) (/Users/aw/.nvm/versions/node/v5.11.1/lib/node_modules/npm/lib/npm.js:114:13)
5 verbose stack     at EventEmitter.<anonymous> (/Users/aw/.nvm/versions/node/v5.11.1/lib/node_modules/npm/bin/npm-cli.js:75:30)
5 verbose stack     at _combinedTickCallback (internal/process/next_tick.js:67:7)
5 verbose stack     at process._tickCallback (internal/process/next_tick.js:98:9)
6 verbose cwd /Users/aw/Dev/git/github/grmlin/gremlins
7 error Darwin 16.3.0
8 error argv "/Users/aw/.nvm/versions/node/v5.11.1/bin/node" "/Users/aw/.nvm/versions/node/v5.11.1/bin/npm" "publish" "." "--tag" "2.0.0-rc1"
9 error node v5.11.1
10 error npm  v3.8.6
11 error Tag name must not be a valid SemVer range: 2.0.0-rc1
12 error If you need help, you may report this error at:
12 error     <https://github.com/npm/npm/issues>
13 verbose exit [ 1, true ]
